Base path: /Applications/Unity/Unity.app/Contents
Pipe name: \\.\pipe\UnityShaderCompiler-1--1595260460
Cmd: getPlatforms
Cmd: preprocess
  insize=1178 outsize=316 ok=1
Cmd: compileSnippet
  api=0 type=0 insize=1158 outsize=450 kw= ok=1
Cmd: compileSnippet
  api=0 type=1 insize=1158 outsize=313 kw= ok=1
Cmd: compileSnippet
  api=5 type=0 insize=1158 outsize=8315 kw= ok=1
Cmd: compileSnippet
  api=5 type=1 insize=1158 outsize=6 kw= ok=1
Cmd: preprocess
  insize=1190 outsize=316 ok=1
Cmd: compileSnippet
  api=0 type=0 insize=1170 outsize=450 kw= ok=1
Cmd: compileSnippet
  api=0 type=1 insize=1170 outsize=313 kw= ok=1
Cmd: preprocess
  insize=1202 outsize=315 ok=1
Cmd: compileSnippet
  error: 2 plat 0 at (29): multiple bindings to output semantic "TEX1"
  api=0 type=0 insize=1182 outsize=0 kw= ok=0
Cmd: preprocess
  insize=1202 outsize=315 ok=1
Cmd: compileSnippet
  api=0 type=0 insize=1182 outsize=450 kw= ok=1
Cmd: compileSnippet
  api=0 type=1 insize=1182 outsize=313 kw= ok=1
Cmd: compileSnippet
  api=5 type=0 insize=1182 outsize=1120 kw= ok=1
Cmd: compileSnippet
  api=5 type=1 insize=1182 outsize=6 kw= ok=1
Cmd: preprocess
  insize=1190 outsize=316 ok=1
Cmd: compileSnippet
  api=5 type=0 insize=1170 outsize=1084 kw= ok=1
Cmd: compileSnippet
  api=5 type=1 insize=1170 outsize=6 kw= ok=1
